<?xml version="1.0" encoding="UTF-8"?>
<!-- Generated by org.testng.reporters.JUnitReportReporter -->
<testsuite hostname="appwrk" failures="0" tests="1" name="testCases.ContactForm" time="15.207" errors="0" timestamp="2023-01-31T18:20:21 IST" skipped="0">
  <testcase classname="testCases.ContactForm" name="contactUs" time="15.207"/>
</testsuite> <!-- testCases.ContactForm -->
