<?xml version="1.0" encoding="UTF-8"?>
<!-- Generated by org.testng.reporters.JUnitReportReporter -->
<testsuite hostname="appwrk" failures="0" tests="1" name="testCases.ContactForm" time="3.017" errors="0" timestamp="2023-02-06T17:14:32 IST" skipped="0">
  <testcase classname="testCases.ContactForm" name="contactUs" time="3.017"/>
</testsuite> <!-- testCases.ContactForm -->
