<?xml version="1.0" encoding="UTF-8"?>
<!-- Generated by org.testng.reporters.JUnitReportReporter -->
<testsuite hostname="appwrk" failures="0" tests="1" name="testCases.BrokenLinks" time="321.021" errors="0" timestamp="2023-01-30T18:58:12 IST" skipped="0">
  <testcase classname="testCases.BrokenLinks" name="brokenLinks" time="321.021"/>
</testsuite> <!-- testCases.BrokenLinks -->
